<?xml version="1.0" encoding="UTF-8"?>
<testsuites>
  <testsuite name="LibreNMS\Plugins\WeathermapNG\Tests\MapTest" file="/home/lance/weathermapNG/tests/MapTest.php" tests="9" assertions="19" errors="3" failures="4" skipped="0" time="0.033343">
    <testcase name="it_can_create_a_map_instance" file="/home/lance/weathermapNG/tests/MapTest.php" line="12" class="LibreNMS\Plugins\WeathermapNG\Tests\MapTest" classname="LibreNMS.Plugins.WeathermapNG.Tests.MapTest" assertions="4" time="0.008351"/>
    <testcase name="it_can_create_a_node_instance" file="/home/lance/weathermapNG/tests/MapTest.php" line="27" class="LibreNMS\Plugins\WeathermapNG\Tests\MapTest" classname="LibreNMS.Plugins.WeathermapNG.Tests.MapTest" assertions="1" time="0.013753">
      <failure type="PHPUnit\Framework\ExpectationFailedException">LibreNMS\Plugins\WeathermapNG\Tests\MapTest::it_can_create_a_node_instance
Failed asserting that null matches expected 'Test Node'.

/home/lance/weathermapNG/tests/MapTest.php:36</failure>
    </testcase>
    <testcase name="it_can_create_a_link_instance" file="/home/lance/weathermapNG/tests/MapTest.php" line="43" class="LibreNMS\Plugins\WeathermapNG\Tests\MapTest" classname="LibreNMS.Plugins.WeathermapNG.Tests.MapTest" assertions="0" time="0.008767">
      <error type="TypeError">LibreNMS\Plugins\WeathermapNG\Tests\MapTest::it_can_create_a_link_instance
TypeError: Illuminate\Database\Eloquent\Model::__construct(): Argument #1 ($attributes) must be of type array, int given

/home/lance/weathermapNG/vendor/illuminate/database/Eloquent/Model.php:234
/home/lance/weathermapNG/tests/TestCase.php:110
/home/lance/weathermapNG/tests/MapTest.php:48</error>
    </testcase>
    <testcase name="it_validates_map_options_structure" file="/home/lance/weathermapNG/tests/MapTest.php" line="62" class="LibreNMS\Plugins\WeathermapNG\Tests\MapTest" classname="LibreNMS.Plugins.WeathermapNG.Tests.MapTest" assertions="3" time="0.000343"/>
    <testcase name="it_handles_node_device_relationships" file="/home/lance/weathermapNG/tests/MapTest.php" line="79" class="LibreNMS\Plugins\WeathermapNG\Tests\MapTest" classname="LibreNMS.Plugins.WeathermapNG.Tests.MapTest" assertions="1" time="0.000258">
      <failure type="PHPUnit\Framework\ExpectationFailedException">LibreNMS\Plugins\WeathermapNG\Tests\MapTest::it_handles_node_device_relationships
Failed asserting that null matches expected 5.

/home/lance/weathermapNG/tests/MapTest.php:90</failure>
    </testcase>
    <testcase name="it_calculates_link_utilization" file="/home/lance/weathermapNG/tests/MapTest.php" line="97" class="LibreNMS\Plugins\WeathermapNG\Tests\MapTest" classname="LibreNMS.Plugins.WeathermapNG.Tests.MapTest" assertions="0" time="0.000234">
      <error type="TypeError">LibreNMS\Plugins\WeathermapNG\Tests\MapTest::it_calculates_link_utilization
TypeError: Illuminate\Database\Eloquent\Model::__construct(): Argument #1 ($attributes) must be of type array, int given

/home/lance/weathermapNG/vendor/illuminate/database/Eloquent/Model.php:234
/home/lance/weathermapNG/tests/TestCase.php:110
/home/lance/weathermapNG/tests/MapTest.php:99</error>
    </testcase>
    <testcase name="it_generates_correct_json_structures" file="/home/lance/weathermapNG/tests/MapTest.php" line="111" class="LibreNMS\Plugins\WeathermapNG\Tests\MapTest" classname="LibreNMS.Plugins.WeathermapNG.Tests.MapTest" assertions="4" time="0.000527">
      <failure type="PHPUnit\Framework\ExpectationFailedException">LibreNMS\Plugins\WeathermapNG\Tests\MapTest::it_generates_correct_json_structures
Failed asserting that null is of type string.

/home/lance/weathermapNG/tests/MapTest.php:121</failure>
    </testcase>
    <testcase name="it_handles_edge_cases_gracefully" file="/home/lance/weathermapNG/tests/MapTest.php" line="128" class="LibreNMS\Plugins\WeathermapNG\Tests\MapTest" classname="LibreNMS.Plugins.WeathermapNG.Tests.MapTest" assertions="3" time="0.000314">
      <error type="TypeError">LibreNMS\Plugins\WeathermapNG\Tests\MapTest::it_handles_edge_cases_gracefully
TypeError: Illuminate\Database\Eloquent\Model::__construct(): Argument #1 ($attributes) must be of type array, int given

/home/lance/weathermapNG/vendor/illuminate/database/Eloquent/Model.php:234
/home/lance/weathermapNG/tests/TestCase.php:110
/home/lance/weathermapNG/tests/MapTest.php:140</error>
    </testcase>
    <testcase name="it_validates_required_attributes" file="/home/lance/weathermapNG/tests/MapTest.php" line="145" class="LibreNMS\Plugins\WeathermapNG\Tests\MapTest" classname="LibreNMS.Plugins.WeathermapNG.Tests.MapTest" assertions="3" time="0.000796">
      <failure type="PHPUnit\Framework\ExpectationFailedException">LibreNMS\Plugins\WeathermapNG\Tests\MapTest::it_validates_required_attributes
Failed asserting that a NULL is not empty.

/home/lance/weathermapNG/tests/MapTest.php:153</failure>
    </testcase>
  </testsuite>
</testsuites>
